<?xml version="1.0" encoding="UTF-8"?>
<testng-results ignored="0" total="1" passed="1" failed="0" skipped="0">
  <reporter-output>
  </reporter-output>
  <suite started-at="2023-06-04T03:57:06 IST" name="Default suite" finished-at="2023-06-04T03:57:10 IST" duration-ms="4326">
    <groups>
    </groups>
    <test started-at="2023-06-04T03:57:06 IST" name="Default test" finished-at="2023-06-04T03:57:10 IST" duration-ms="4326">
      <class name="com.facebook.tests.RegistrationTest">
        <test-method signature="Registration()[pri:0, instance:com.facebook.tests.RegistrationTest@347bdeef]" started-at="2023-06-04T03:57:06 IST" name="Registration" finished-at="2023-06-04T03:57:10 IST" duration-ms="4296" status="PASS">
          <reporter-output>
          </reporter-output>
        </test-method> <!-- Registration -->
      </class> <!-- com.facebook.tests.RegistrationTest -->
    </test> <!-- Default test -->
  </suite> <!-- Default suite -->
</testng-results>
